no change     /opt/miniconda3/condabin/conda
no change     /opt/miniconda3/bin/conda
no change     /opt/miniconda3/bin/conda-env
no change     /opt/miniconda3/bin/activate
no change     /opt/miniconda3/bin/deactivate
no change     /opt/miniconda3/etc/profile.d/conda.sh
no change     /opt/miniconda3/etc/fish/conf.d/conda.fish
no change     /opt/miniconda3/shell/condabin/Conda.psm1
no change     /opt/miniconda3/shell/condabin/conda-hook.ps1
no change     /opt/miniconda3/lib/python3.11/site-packages/xontrib/conda.xsh
no change     /opt/miniconda3/etc/profile.d/conda.csh
no change     /home/diegogv/.bashrc
No action taken.
[Parallel(n_jobs=16)]: Using backend LokyBackend with 16 concurrent workers.
PARAMETERS
Embeddings: {<Embedding.ZZ: 5>}	Batch Auto: True	Sequential: False	Node: slave5	Dataset: iris	Qubits: 16	 Folds\Repeats: (8, 2)	Cores: 16
[VERBOSE] Validation successful, fitting the model...
(16, <Model.QSVM: 4>, <Embedding.ZZ: 5>, None, None, 0, 0)
(16, <Model.QSVM: 4>, <Embedding.ZZ: 5>, None, None, 0, 1)
(16, <Model.QSVM: 4>, <Embedding.ZZ: 5>, None, None, 0, 2)
(16, <Model.QSVM: 4>, <Embedding.ZZ: 5>, None, None, 0, 3)
(16, <Model.QSVM: 4>, <Embedding.ZZ: 5>, None, None, 0, 4)
(16, <Model.QSVM: 4>, <Embedding.ZZ: 5>, None, None, 0, 5)
(16, <Model.QSVM: 4>, <Embedding.ZZ: 5>, None, None, 0, 6)
(16, <Model.QSVM: 4>, <Embedding.ZZ: 5>, None, None, 0, 7)
(16, <Model.QSVM: 4>, <Embedding.ZZ: 5>, None, None, 1, 0)
(16, <Model.QSVM: 4>, <Embedding.ZZ: 5>, None, None, 1, 1)
(16, <Model.QSVM: 4>, <Embedding.ZZ: 5>, None, None, 1, 2)
(16, <Model.QSVM: 4>, <Embedding.ZZ: 5>, None, None, 1, 3)
(16, <Model.QSVM: 4>, <Embedding.ZZ: 5>, None, None, 1, 4)
(16, <Model.QSVM: 4>, <Embedding.ZZ: 5>, None, None, 1, 5)
(16, <Model.QSVM: 4>, <Embedding.ZZ: 5>, None, None, 1, 6)
(16, <Model.QSVM: 4>, <Embedding.ZZ: 5>, None, None, 1, 7)
PREPROCESSING TIME: 0.08657169342041016
[Parallel(n_jobs=16)]: Done   3 out of  16 | elapsed: 20.1min remaining: 87.2min
[Parallel(n_jobs=16)]: Done   5 out of  16 | elapsed: 20.1min remaining: 44.3min
[Parallel(n_jobs=16)]: Done   7 out of  16 | elapsed: 20.2min remaining: 25.9min
[Parallel(n_jobs=16)]: Done   9 out of  16 | elapsed: 20.2min remaining: 15.7min
[Parallel(n_jobs=16)]: Done  11 out of  16 | elapsed: 20.2min remaining:  9.2min
[Parallel(n_jobs=16)]: Done  13 out of  16 | elapsed: 20.2min remaining:  4.7min
[Parallel(n_jobs=16)]: Done  16 out of  16 | elapsed: 20.3min finished
EXECUTING TIME: 1219.825419664383
|    |   Qubits | Model      | Embedding    | Ansatz   | Features   |   Time taken |   Accuracy |   Balanced Accuracy |   F1 Score | Custom Metric   | Predictions   |
|---:|---------:|:-----------|:-------------|:---------|:-----------|-------------:|-----------:|--------------------:|-----------:|:----------------|:--------------|
|  0 |       16 | Model.QSVM | Embedding.ZZ |          | ~          |      1208.84 |        0.8 |                 0.8 |    0.80009 |                 | []            |
|  1 |       16 | Model.QSVM | Embedding.ZZ |          | ~          |      1202.83 |        0.8 |                 0.8 |    0.80009 |                 | []            |
|  2 |       16 | Model.QSVM | Embedding.ZZ |          | ~          |      1208.7  |        0.8 |                 0.8 |    0.80009 |                 | []            |
|  3 |       16 | Model.QSVM | Embedding.ZZ |          | ~          |      1202.57 |        0.8 |                 0.8 |    0.80009 |                 | []            |
|  4 |       16 | Model.QSVM | Embedding.ZZ |          | ~          |      1207.35 |        0.8 |                 0.8 |    0.80009 |                 | []            |
|  5 |       16 | Model.QSVM | Embedding.ZZ |          | ~          |      1203.07 |        0.8 |                 0.8 |    0.80009 |                 | []            |
|  6 |       16 | Model.QSVM | Embedding.ZZ |          | ~          |      1209.8  |        0.8 |                 0.8 |    0.80009 |                 | []            |
|  7 |       16 | Model.QSVM | Embedding.ZZ |          | ~          |      1208.05 |        0.8 |                 0.8 |    0.80009 |                 | []            |
|  8 |       16 | Model.QSVM | Embedding.ZZ |          | ~          |      1206.69 |        0.8 |                 0.8 |    0.80009 |                 | []            |
|  9 |       16 | Model.QSVM | Embedding.ZZ |          | ~          |      1213.31 |        0.8 |                 0.8 |    0.80009 |                 | []            |
| 10 |       16 | Model.QSVM | Embedding.ZZ |          | ~          |      1215.21 |        0.8 |                 0.8 |    0.80009 |                 | []            |
| 11 |       16 | Model.QSVM | Embedding.ZZ |          | ~          |      1205.49 |        0.8 |                 0.8 |    0.80009 |                 | []            |
| 12 |       16 | Model.QSVM | Embedding.ZZ |          | ~          |      1213.63 |        0.8 |                 0.8 |    0.80009 |                 | []            |
| 13 |       16 | Model.QSVM | Embedding.ZZ |          | ~          |      1198.48 |        0.8 |                 0.8 |    0.80009 |                 | []            |
| 14 |       16 | Model.QSVM | Embedding.ZZ |          | ~          |      1206.29 |        0.8 |                 0.8 |    0.80009 |                 | []            |
| 15 |       16 | Model.QSVM | Embedding.ZZ |          | ~          |      1203.12 |        0.8 |                 0.8 |    0.80009 |                 | []            |
RESULTS TIME: 0.025972843170166016
TOTAL TIME: 1219.9456133842468s	 PARALLEL: True
