no change     /opt/miniconda3/condabin/conda
no change     /opt/miniconda3/bin/conda
no change     /opt/miniconda3/bin/conda-env
no change     /opt/miniconda3/bin/activate
no change     /opt/miniconda3/bin/deactivate
no change     /opt/miniconda3/etc/profile.d/conda.sh
no change     /opt/miniconda3/etc/fish/conf.d/conda.fish
no change     /opt/miniconda3/shell/condabin/Conda.psm1
no change     /opt/miniconda3/shell/condabin/conda-hook.ps1
no change     /opt/miniconda3/lib/python3.11/site-packages/xontrib/conda.xsh
no change     /opt/miniconda3/etc/profile.d/conda.csh
no change     /home/diegogv/.bashrc
No action taken.
[Parallel(n_jobs=16)]: Using backend LokyBackend with 16 concurrent workers.
PARAMETERS
Embeddings: {<Embedding.RY: 4>, <Embedding.RX: 2>, <Embedding.RZ: 3>}	Batch Auto: True	Sequential: False	Node: slave5	Dataset: iris	Qubits: 16	 Folds\Repeats: (8, 2)
[VERBOSE] Validation successful, fitting the model...
(16, <Model.QSVM: 4>, <Embedding.RY: 4>, None, None, 0, 0)
(16, <Model.QSVM: 4>, <Embedding.RY: 4>, None, None, 0, 1)
(16, <Model.QSVM: 4>, <Embedding.RY: 4>, None, None, 0, 2)
(16, <Model.QSVM: 4>, <Embedding.RY: 4>, None, None, 0, 3)
(16, <Model.QSVM: 4>, <Embedding.RY: 4>, None, None, 0, 4)
(16, <Model.QSVM: 4>, <Embedding.RY: 4>, None, None, 0, 5)
(16, <Model.QSVM: 4>, <Embedding.RY: 4>, None, None, 0, 6)
(16, <Model.QSVM: 4>, <Embedding.RY: 4>, None, None, 0, 7)
(16, <Model.QSVM: 4>, <Embedding.RY: 4>, None, None, 1, 0)
(16, <Model.QSVM: 4>, <Embedding.RY: 4>, None, None, 1, 1)
(16, <Model.QSVM: 4>, <Embedding.RY: 4>, None, None, 1, 2)
(16, <Model.QSVM: 4>, <Embedding.RY: 4>, None, None, 1, 3)
(16, <Model.QSVM: 4>, <Embedding.RY: 4>, None, None, 1, 4)
(16, <Model.QSVM: 4>, <Embedding.RY: 4>, None, None, 1, 5)
(16, <Model.QSVM: 4>, <Embedding.RY: 4>, None, None, 1, 6)
(16, <Model.QSVM: 4>, <Embedding.RY: 4>, None, None, 1, 7)
(16, <Model.QSVM: 4>, <Embedding.RX: 2>, None, None, 0, 0)
(16, <Model.QSVM: 4>, <Embedding.RX: 2>, None, None, 0, 1)
(16, <Model.QSVM: 4>, <Embedding.RX: 2>, None, None, 0, 2)
(16, <Model.QSVM: 4>, <Embedding.RX: 2>, None, None, 0, 3)
(16, <Model.QSVM: 4>, <Embedding.RX: 2>, None, None, 0, 4)
(16, <Model.QSVM: 4>, <Embedding.RX: 2>, None, None, 0, 5)
(16, <Model.QSVM: 4>, <Embedding.RX: 2>, None, None, 0, 6)
(16, <Model.QSVM: 4>, <Embedding.RX: 2>, None, None, 0, 7)
(16, <Model.QSVM: 4>, <Embedding.RX: 2>, None, None, 1, 0)
(16, <Model.QSVM: 4>, <Embedding.RX: 2>, None, None, 1, 1)
(16, <Model.QSVM: 4>, <Embedding.RX: 2>, None, None, 1, 2)
(16, <Model.QSVM: 4>, <Embedding.RX: 2>, None, None, 1, 3)
(16, <Model.QSVM: 4>, <Embedding.RX: 2>, None, None, 1, 4)
(16, <Model.QSVM: 4>, <Embedding.RX: 2>, None, None, 1, 5)
(16, <Model.QSVM: 4>, <Embedding.RX: 2>, None, None, 1, 6)
(16, <Model.QSVM: 4>, <Embedding.RX: 2>, None, None, 1, 7)
(16, <Model.QSVM: 4>, <Embedding.RZ: 3>, None, None, 0, 0)
(16, <Model.QSVM: 4>, <Embedding.RZ: 3>, None, None, 0, 1)
(16, <Model.QSVM: 4>, <Embedding.RZ: 3>, None, None, 0, 2)
(16, <Model.QSVM: 4>, <Embedding.RZ: 3>, None, None, 0, 3)
(16, <Model.QSVM: 4>, <Embedding.RZ: 3>, None, None, 0, 4)
(16, <Model.QSVM: 4>, <Embedding.RZ: 3>, None, None, 0, 5)
(16, <Model.QSVM: 4>, <Embedding.RZ: 3>, None, None, 0, 6)
(16, <Model.QSVM: 4>, <Embedding.RZ: 3>, None, None, 0, 7)
(16, <Model.QSVM: 4>, <Embedding.RZ: 3>, None, None, 1, 0)
(16, <Model.QSVM: 4>, <Embedding.RZ: 3>, None, None, 1, 1)
(16, <Model.QSVM: 4>, <Embedding.RZ: 3>, None, None, 1, 2)
(16, <Model.QSVM: 4>, <Embedding.RZ: 3>, None, None, 1, 3)
(16, <Model.QSVM: 4>, <Embedding.RZ: 3>, None, None, 1, 4)
(16, <Model.QSVM: 4>, <Embedding.RZ: 3>, None, None, 1, 5)
(16, <Model.QSVM: 4>, <Embedding.RZ: 3>, None, None, 1, 6)
(16, <Model.QSVM: 4>, <Embedding.RZ: 3>, None, None, 1, 7)
PREPROCESSING TIME: 0.30407238006591797
[Parallel(n_jobs=16)]: Done   9 tasks      | elapsed: 11.3min
[Parallel(n_jobs=16)]: Done  22 out of  48 | elapsed: 22.7min remaining: 26.8min
[Parallel(n_jobs=16)]: Done  27 out of  48 | elapsed: 22.8min remaining: 17.7min
[Parallel(n_jobs=16)]: Done  32 out of  48 | elapsed: 23.2min remaining: 11.6min
[Parallel(n_jobs=16)]: Done  37 out of  48 | elapsed: 38.5min remaining: 11.5min
[Parallel(n_jobs=16)]: Done  42 out of  48 | elapsed: 39.1min remaining:  5.6min
[Parallel(n_jobs=16)]: Done  48 out of  48 | elapsed: 39.4min finished
EXECUTING TIME: 2365.743110179901
TOTAL TIME: 2366.0623638629913s	 PARALLEL: True
