no change     /opt/miniconda3/condabin/conda
no change     /opt/miniconda3/bin/conda
no change     /opt/miniconda3/bin/conda-env
no change     /opt/miniconda3/bin/activate
no change     /opt/miniconda3/bin/deactivate
no change     /opt/miniconda3/etc/profile.d/conda.sh
no change     /opt/miniconda3/etc/fish/conf.d/conda.fish
no change     /opt/miniconda3/shell/condabin/Conda.psm1
no change     /opt/miniconda3/shell/condabin/conda-hook.ps1
no change     /opt/miniconda3/lib/python3.11/site-packages/xontrib/conda.xsh
no change     /opt/miniconda3/etc/profile.d/conda.csh
no change     /home/diegogv/.bashrc
No action taken.
[Parallel(n_jobs=16)]: Using backend LokyBackend with 16 concurrent workers.
PARAMETERS
Embeddings: {<Embedding.RX: 2>, <Embedding.RY: 4>, <Embedding.RZ: 3>}	Batch Auto: True	Sequential: False	Node: slave4	Dataset: iris
[VERBOSE] Validation successful, fitting the model...
(4, <Model.QSVM: 4>, <Embedding.RX: 2>, None, None)
(4, <Model.QSVM: 4>, <Embedding.RY: 4>, None, None)
(4, <Model.QSVM: 4>, <Embedding.RZ: 3>, None, None)
(8, <Model.QSVM: 4>, <Embedding.RX: 2>, None, None)
(8, <Model.QSVM: 4>, <Embedding.RY: 4>, None, None)
(8, <Model.QSVM: 4>, <Embedding.RZ: 3>, None, None)
(16, <Model.QSVM: 4>, <Embedding.RX: 2>, None, None)
(16, <Model.QSVM: 4>, <Embedding.RY: 4>, None, None)
(16, <Model.QSVM: 4>, <Embedding.RZ: 3>, None, None)
(24, <Model.QSVM: 4>, <Embedding.RX: 2>, None, None)
(24, <Model.QSVM: 4>, <Embedding.RY: 4>, None, None)
(24, <Model.QSVM: 4>, <Embedding.RZ: 3>, None, None)
PREPROCESSING TIME: 0.062272071838378906
[Parallel(n_jobs=16)]: Done   1 tasks      | elapsed:   30.7s
[Parallel(n_jobs=16)]: Done   3 out of  12 | elapsed:   37.4s remaining:  1.9min
[Parallel(n_jobs=16)]: Done   5 out of  12 | elapsed:   39.8s remaining:   55.8s
[Parallel(n_jobs=16)]: Done   7 out of  12 | elapsed:  2.8min remaining:  2.0min
[Parallel(n_jobs=16)]: Done   9 out of  12 | elapsed:  3.8min remaining:  1.3min
