no change     /opt/miniconda3/condabin/conda
no change     /opt/miniconda3/bin/conda
no change     /opt/miniconda3/bin/conda-env
no change     /opt/miniconda3/bin/activate
no change     /opt/miniconda3/bin/deactivate
no change     /opt/miniconda3/etc/profile.d/conda.sh
no change     /opt/miniconda3/etc/fish/conf.d/conda.fish
no change     /opt/miniconda3/shell/condabin/Conda.psm1
no change     /opt/miniconda3/shell/condabin/conda-hook.ps1
no change     /opt/miniconda3/lib/python3.11/site-packages/xontrib/conda.xsh
no change     /opt/miniconda3/etc/profile.d/conda.csh
no change     /home/diegogv/.bashrc
No action taken.
PARAMETERS
Embeddings: {<Embedding.RY: 4>, <Embedding.RZ: 3>, <Embedding.RX: 2>}	Batch Auto: True	Sequential: True	Node: slave5	Dataset: iris	Qubits: 16	 Folds\Repeats: (8, 2)
[VERBOSE] Validation successful, fitting the model...
(16, <Model.QSVM: 4>, <Embedding.RY: 4>, None, None, 0, 0)
(16, <Model.QSVM: 4>, <Embedding.RY: 4>, None, None, 0, 1)
(16, <Model.QSVM: 4>, <Embedding.RY: 4>, None, None, 0, 2)
(16, <Model.QSVM: 4>, <Embedding.RY: 4>, None, None, 0, 3)
(16, <Model.QSVM: 4>, <Embedding.RY: 4>, None, None, 0, 4)
(16, <Model.QSVM: 4>, <Embedding.RY: 4>, None, None, 0, 5)
(16, <Model.QSVM: 4>, <Embedding.RY: 4>, None, None, 0, 6)
(16, <Model.QSVM: 4>, <Embedding.RY: 4>, None, None, 0, 7)
(16, <Model.QSVM: 4>, <Embedding.RY: 4>, None, None, 1, 0)
(16, <Model.QSVM: 4>, <Embedding.RY: 4>, None, None, 1, 1)
(16, <Model.QSVM: 4>, <Embedding.RY: 4>, None, None, 1, 2)
(16, <Model.QSVM: 4>, <Embedding.RY: 4>, None, None, 1, 3)
(16, <Model.QSVM: 4>, <Embedding.RY: 4>, None, None, 1, 4)
(16, <Model.QSVM: 4>, <Embedding.RY: 4>, None, None, 1, 5)
(16, <Model.QSVM: 4>, <Embedding.RY: 4>, None, None, 1, 6)
(16, <Model.QSVM: 4>, <Embedding.RY: 4>, None, None, 1, 7)
(16, <Model.QSVM: 4>, <Embedding.RX: 2>, None, None, 0, 0)
(16, <Model.QSVM: 4>, <Embedding.RX: 2>, None, None, 0, 1)
(16, <Model.QSVM: 4>, <Embedding.RX: 2>, None, None, 0, 2)
(16, <Model.QSVM: 4>, <Embedding.RX: 2>, None, None, 0, 3)
(16, <Model.QSVM: 4>, <Embedding.RX: 2>, None, None, 0, 4)
(16, <Model.QSVM: 4>, <Embedding.RX: 2>, None, None, 0, 5)
(16, <Model.QSVM: 4>, <Embedding.RX: 2>, None, None, 0, 6)
(16, <Model.QSVM: 4>, <Embedding.RX: 2>, None, None, 0, 7)
(16, <Model.QSVM: 4>, <Embedding.RX: 2>, None, None, 1, 0)
(16, <Model.QSVM: 4>, <Embedding.RX: 2>, None, None, 1, 1)
(16, <Model.QSVM: 4>, <Embedding.RX: 2>, None, None, 1, 2)
(16, <Model.QSVM: 4>, <Embedding.RX: 2>, None, None, 1, 3)
(16, <Model.QSVM: 4>, <Embedding.RX: 2>, None, None, 1, 4)
(16, <Model.QSVM: 4>, <Embedding.RX: 2>, None, None, 1, 5)
(16, <Model.QSVM: 4>, <Embedding.RX: 2>, None, None, 1, 6)
(16, <Model.QSVM: 4>, <Embedding.RX: 2>, None, None, 1, 7)
(16, <Model.QSVM: 4>, <Embedding.RZ: 3>, None, None, 0, 0)
(16, <Model.QSVM: 4>, <Embedding.RZ: 3>, None, None, 0, 1)
(16, <Model.QSVM: 4>, <Embedding.RZ: 3>, None, None, 0, 2)
(16, <Model.QSVM: 4>, <Embedding.RZ: 3>, None, None, 0, 3)
(16, <Model.QSVM: 4>, <Embedding.RZ: 3>, None, None, 0, 4)
(16, <Model.QSVM: 4>, <Embedding.RZ: 3>, None, None, 0, 5)
(16, <Model.QSVM: 4>, <Embedding.RZ: 3>, None, None, 0, 6)
(16, <Model.QSVM: 4>, <Embedding.RZ: 3>, None, None, 0, 7)
(16, <Model.QSVM: 4>, <Embedding.RZ: 3>, None, None, 1, 0)
(16, <Model.QSVM: 4>, <Embedding.RZ: 3>, None, None, 1, 1)
(16, <Model.QSVM: 4>, <Embedding.RZ: 3>, None, None, 1, 2)
(16, <Model.QSVM: 4>, <Embedding.RZ: 3>, None, None, 1, 3)
(16, <Model.QSVM: 4>, <Embedding.RZ: 3>, None, None, 1, 4)
(16, <Model.QSVM: 4>, <Embedding.RZ: 3>, None, None, 1, 5)
(16, <Model.QSVM: 4>, <Embedding.RZ: 3>, None, None, 1, 6)
(16, <Model.QSVM: 4>, <Embedding.RZ: 3>, None, None, 1, 7)
PREPROCESSING TIME: 0.27883481979370117
[VERBOSE] 		Training the SVM...
[VERBOSE] 		SVM training complete.
[VERBOSE] 			Computing kernel between test and training data...
[VERBOSE] 		Training the SVM...
[VERBOSE] 		SVM training complete.
[VERBOSE] 			Computing kernel between test and training data...
[VERBOSE] 		Training the SVM...
[VERBOSE] 		SVM training complete.
[VERBOSE] 			Computing kernel between test and training data...
[VERBOSE] 		Training the SVM...
[VERBOSE] 		SVM training complete.
[VERBOSE] 			Computing kernel between test and training data...
[VERBOSE] 		Training the SVM...
[VERBOSE] 		SVM training complete.
[VERBOSE] 			Computing kernel between test and training data...
[VERBOSE] 		Training the SVM...
[VERBOSE] 		SVM training complete.
[VERBOSE] 			Computing kernel between test and training data...
[VERBOSE] 		Training the SVM...
[VERBOSE] 		SVM training complete.
[VERBOSE] 			Computing kernel between test and training data...
[VERBOSE] 		Training the SVM...
[VERBOSE] 		SVM training complete.
[VERBOSE] 			Computing kernel between test and training data...
[VERBOSE] 		Training the SVM...
[VERBOSE] 		SVM training complete.
[VERBOSE] 			Computing kernel between test and training data...
[VERBOSE] 		Training the SVM...
[VERBOSE] 		SVM training complete.
[VERBOSE] 			Computing kernel between test and training data...
[VERBOSE] 		Training the SVM...
[VERBOSE] 		SVM training complete.
[VERBOSE] 			Computing kernel between test and training data...
[VERBOSE] 		Training the SVM...
[VERBOSE] 		SVM training complete.
[VERBOSE] 			Computing kernel between test and training data...
[VERBOSE] 		Training the SVM...
[VERBOSE] 		SVM training complete.
[VERBOSE] 			Computing kernel between test and training data...
[VERBOSE] 		Training the SVM...
[VERBOSE] 		SVM training complete.
[VERBOSE] 			Computing kernel between test and training data...
[VERBOSE] 		Training the SVM...
[VERBOSE] 		SVM training complete.
[VERBOSE] 			Computing kernel between test and training data...
[VERBOSE] 		Training the SVM...
[VERBOSE] 		SVM training complete.
[VERBOSE] 			Computing kernel between test and training data...
[VERBOSE] 		Training the SVM...
[VERBOSE] 		SVM training complete.
[VERBOSE] 			Computing kernel between test and training data...
[VERBOSE] 		Training the SVM...
[VERBOSE] 		SVM training complete.
[VERBOSE] 			Computing kernel between test and training data...
[VERBOSE] 		Training the SVM...
[VERBOSE] 		SVM training complete.
[VERBOSE] 			Computing kernel between test and training data...
[VERBOSE] 		Training the SVM...
[VERBOSE] 		SVM training complete.
[VERBOSE] 			Computing kernel between test and training data...
[VERBOSE] 		Training the SVM...
[VERBOSE] 		SVM training complete.
[VERBOSE] 			Computing kernel between test and training data...
[VERBOSE] 		Training the SVM...
[VERBOSE] 		SVM training complete.
[VERBOSE] 			Computing kernel between test and training data...
[VERBOSE] 		Training the SVM...
[VERBOSE] 		SVM training complete.
[VERBOSE] 			Computing kernel between test and training data...
[VERBOSE] 		Training the SVM...
[VERBOSE] 		SVM training complete.
[VERBOSE] 			Computing kernel between test and training data...
[VERBOSE] 		Training the SVM...
[VERBOSE] 		SVM training complete.
[VERBOSE] 			Computing kernel between test and training data...
[VERBOSE] 		Training the SVM...
[VERBOSE] 		SVM training complete.
[VERBOSE] 			Computing kernel between test and training data...
[VERBOSE] 		Training the SVM...
[VERBOSE] 		SVM training complete.
[VERBOSE] 			Computing kernel between test and training data...
[VERBOSE] 		Training the SVM...
[VERBOSE] 		SVM training complete.
[VERBOSE] 			Computing kernel between test and training data...
[VERBOSE] 		Training the SVM...
[VERBOSE] 		SVM training complete.
[VERBOSE] 			Computing kernel between test and training data...
[VERBOSE] 		Training the SVM...
[VERBOSE] 		SVM training complete.
[VERBOSE] 			Computing kernel between test and training data...
[VERBOSE] 		Training the SVM...
[VERBOSE] 		SVM training complete.
[VERBOSE] 			Computing kernel between test and training data...
[VERBOSE] 		Training the SVM...
[VERBOSE] 		SVM training complete.
[VERBOSE] 			Computing kernel between test and training data...
[VERBOSE] 		Training the SVM...
[VERBOSE] 		SVM training complete.
[VERBOSE] 			Computing kernel between test and training data...
[VERBOSE] 		Training the SVM...
[VERBOSE] 		SVM training complete.
[VERBOSE] 			Computing kernel between test and training data...
[VERBOSE] 		Training the SVM...
[VERBOSE] 		SVM training complete.
[VERBOSE] 			Computing kernel between test and training data...
[VERBOSE] 		Training the SVM...
[VERBOSE] 		SVM training complete.
[VERBOSE] 			Computing kernel between test and training data...
[VERBOSE] 		Training the SVM...
[VERBOSE] 		SVM training complete.
[VERBOSE] 			Computing kernel between test and training data...
[VERBOSE] 		Training the SVM...
[VERBOSE] 		SVM training complete.
[VERBOSE] 			Computing kernel between test and training data...
[VERBOSE] 		Training the SVM...
[VERBOSE] 		SVM training complete.
[VERBOSE] 			Computing kernel between test and training data...
[VERBOSE] 		Training the SVM...
[VERBOSE] 		SVM training complete.
[VERBOSE] 			Computing kernel between test and training data...
[VERBOSE] 		Training the SVM...
[VERBOSE] 		SVM training complete.
[VERBOSE] 			Computing kernel between test and training data...
[VERBOSE] 		Training the SVM...
[VERBOSE] 		SVM training complete.
[VERBOSE] 			Computing kernel between test and training data...
[VERBOSE] 		Training the SVM...
[VERBOSE] 		SVM training complete.
[VERBOSE] 			Computing kernel between test and training data...
[VERBOSE] 		Training the SVM...
[VERBOSE] 		SVM training complete.
[VERBOSE] 			Computing kernel between test and training data...
[VERBOSE] 		Training the SVM...
[VERBOSE] 		SVM training complete.
[VERBOSE] 			Computing kernel between test and training data...
[VERBOSE] 		Training the SVM...
[VERBOSE] 		SVM training complete.
[VERBOSE] 			Computing kernel between test and training data...
[VERBOSE] 		Training the SVM...
[VERBOSE] 		SVM training complete.
[VERBOSE] 			Computing kernel between test and training data...
[VERBOSE] 		Training the SVM...
[VERBOSE] 		SVM training complete.
[VERBOSE] 			Computing kernel between test and training data...
EXECUTING TIME: 24825.994518756866
TOTAL TIME: 24826.280988693237s	 PARALLEL: False
