no change     /opt/miniconda3/condabin/conda
no change     /opt/miniconda3/bin/conda
no change     /opt/miniconda3/bin/conda-env
no change     /opt/miniconda3/bin/activate
no change     /opt/miniconda3/bin/deactivate
no change     /opt/miniconda3/etc/profile.d/conda.sh
no change     /opt/miniconda3/etc/fish/conf.d/conda.fish
no change     /opt/miniconda3/shell/condabin/Conda.psm1
no change     /opt/miniconda3/shell/condabin/conda-hook.ps1
no change     /opt/miniconda3/lib/python3.11/site-packages/xontrib/conda.xsh
no change     /opt/miniconda3/etc/profile.d/conda.csh
no change     /home/diegogv/.bashrc
No action taken.
PARAMETERS
Embeddings: {<Embedding.ZZ: 5>}	Batch Auto: True	Sequential: True	Node: slave2	Dataset: iris	Qubits: 8	 Folds\Repeats: (8, 4)
[VERBOSE] Validation successful, fitting the model...
(8, <Model.QSVM: 4>, <Embedding.ZZ: 5>, None, None, 0, 0)
(8, <Model.QSVM: 4>, <Embedding.ZZ: 5>, None, None, 0, 1)
(8, <Model.QSVM: 4>, <Embedding.ZZ: 5>, None, None, 0, 2)
(8, <Model.QSVM: 4>, <Embedding.ZZ: 5>, None, None, 0, 3)
(8, <Model.QSVM: 4>, <Embedding.ZZ: 5>, None, None, 0, 4)
(8, <Model.QSVM: 4>, <Embedding.ZZ: 5>, None, None, 0, 5)
(8, <Model.QSVM: 4>, <Embedding.ZZ: 5>, None, None, 0, 6)
(8, <Model.QSVM: 4>, <Embedding.ZZ: 5>, None, None, 0, 7)
(8, <Model.QSVM: 4>, <Embedding.ZZ: 5>, None, None, 1, 0)
(8, <Model.QSVM: 4>, <Embedding.ZZ: 5>, None, None, 1, 1)
(8, <Model.QSVM: 4>, <Embedding.ZZ: 5>, None, None, 1, 2)
(8, <Model.QSVM: 4>, <Embedding.ZZ: 5>, None, None, 1, 3)
(8, <Model.QSVM: 4>, <Embedding.ZZ: 5>, None, None, 1, 4)
(8, <Model.QSVM: 4>, <Embedding.ZZ: 5>, None, None, 1, 5)
(8, <Model.QSVM: 4>, <Embedding.ZZ: 5>, None, None, 1, 6)
(8, <Model.QSVM: 4>, <Embedding.ZZ: 5>, None, None, 1, 7)
(8, <Model.QSVM: 4>, <Embedding.ZZ: 5>, None, None, 2, 0)
(8, <Model.QSVM: 4>, <Embedding.ZZ: 5>, None, None, 2, 1)
(8, <Model.QSVM: 4>, <Embedding.ZZ: 5>, None, None, 2, 2)
(8, <Model.QSVM: 4>, <Embedding.ZZ: 5>, None, None, 2, 3)
(8, <Model.QSVM: 4>, <Embedding.ZZ: 5>, None, None, 2, 4)
(8, <Model.QSVM: 4>, <Embedding.ZZ: 5>, None, None, 2, 5)
(8, <Model.QSVM: 4>, <Embedding.ZZ: 5>, None, None, 2, 6)
(8, <Model.QSVM: 4>, <Embedding.ZZ: 5>, None, None, 2, 7)
(8, <Model.QSVM: 4>, <Embedding.ZZ: 5>, None, None, 3, 0)
(8, <Model.QSVM: 4>, <Embedding.ZZ: 5>, None, None, 3, 1)
(8, <Model.QSVM: 4>, <Embedding.ZZ: 5>, None, None, 3, 2)
(8, <Model.QSVM: 4>, <Embedding.ZZ: 5>, None, None, 3, 3)
(8, <Model.QSVM: 4>, <Embedding.ZZ: 5>, None, None, 3, 4)
(8, <Model.QSVM: 4>, <Embedding.ZZ: 5>, None, None, 3, 5)
(8, <Model.QSVM: 4>, <Embedding.ZZ: 5>, None, None, 3, 6)
(8, <Model.QSVM: 4>, <Embedding.ZZ: 5>, None, None, 3, 7)
PREPROCESSING TIME: 0.11028933525085449
[VERBOSE] 		Training the SVM...
[VERBOSE] 		SVM training complete.
[VERBOSE] 			Computing kernel between test and training data...
[VERBOSE] 		Training the SVM...
[VERBOSE] 		SVM training complete.
[VERBOSE] 			Computing kernel between test and training data...
[VERBOSE] 		Training the SVM...
[VERBOSE] 		SVM training complete.
[VERBOSE] 			Computing kernel between test and training data...
[VERBOSE] 		Training the SVM...
[VERBOSE] 		SVM training complete.
[VERBOSE] 			Computing kernel between test and training data...
[VERBOSE] 		Training the SVM...
[VERBOSE] 		SVM training complete.
[VERBOSE] 			Computing kernel between test and training data...
[VERBOSE] 		Training the SVM...
[VERBOSE] 		SVM training complete.
[VERBOSE] 			Computing kernel between test and training data...
[VERBOSE] 		Training the SVM...
[VERBOSE] 		SVM training complete.
[VERBOSE] 			Computing kernel between test and training data...
[VERBOSE] 		Training the SVM...
[VERBOSE] 		SVM training complete.
[VERBOSE] 			Computing kernel between test and training data...
[VERBOSE] 		Training the SVM...
[VERBOSE] 		SVM training complete.
[VERBOSE] 			Computing kernel between test and training data...
[VERBOSE] 		Training the SVM...
[VERBOSE] 		SVM training complete.
[VERBOSE] 			Computing kernel between test and training data...
[VERBOSE] 		Training the SVM...
[VERBOSE] 		SVM training complete.
[VERBOSE] 			Computing kernel between test and training data...
[VERBOSE] 		Training the SVM...
[VERBOSE] 		SVM training complete.
[VERBOSE] 			Computing kernel between test and training data...
[VERBOSE] 		Training the SVM...
[VERBOSE] 		SVM training complete.
[VERBOSE] 			Computing kernel between test and training data...
[VERBOSE] 		Training the SVM...
[VERBOSE] 		SVM training complete.
[VERBOSE] 			Computing kernel between test and training data...
[VERBOSE] 		Training the SVM...
[VERBOSE] 		SVM training complete.
[VERBOSE] 			Computing kernel between test and training data...
[VERBOSE] 		Training the SVM...
[VERBOSE] 		SVM training complete.
[VERBOSE] 			Computing kernel between test and training data...
[VERBOSE] 		Training the SVM...
[VERBOSE] 		SVM training complete.
[VERBOSE] 			Computing kernel between test and training data...
[VERBOSE] 		Training the SVM...
[VERBOSE] 		SVM training complete.
[VERBOSE] 			Computing kernel between test and training data...
[VERBOSE] 		Training the SVM...
[VERBOSE] 		SVM training complete.
[VERBOSE] 			Computing kernel between test and training data...
[VERBOSE] 		Training the SVM...
[VERBOSE] 		SVM training complete.
[VERBOSE] 			Computing kernel between test and training data...
[VERBOSE] 		Training the SVM...
[VERBOSE] 		SVM training complete.
[VERBOSE] 			Computing kernel between test and training data...
[VERBOSE] 		Training the SVM...
[VERBOSE] 		SVM training complete.
[VERBOSE] 			Computing kernel between test and training data...
[VERBOSE] 		Training the SVM...
[VERBOSE] 		SVM training complete.
[VERBOSE] 			Computing kernel between test and training data...
[VERBOSE] 		Training the SVM...
[VERBOSE] 		SVM training complete.
[VERBOSE] 			Computing kernel between test and training data...
[VERBOSE] 		Training the SVM...
[VERBOSE] 		SVM training complete.
[VERBOSE] 			Computing kernel between test and training data...
[VERBOSE] 		Training the SVM...
[VERBOSE] 		SVM training complete.
[VERBOSE] 			Computing kernel between test and training data...
[VERBOSE] 		Training the SVM...
[VERBOSE] 		SVM training complete.
[VERBOSE] 			Computing kernel between test and training data...
[VERBOSE] 		Training the SVM...
[VERBOSE] 		SVM training complete.
[VERBOSE] 			Computing kernel between test and training data...
[VERBOSE] 		Training the SVM...
[VERBOSE] 		SVM training complete.
[VERBOSE] 			Computing kernel between test and training data...
[VERBOSE] 		Training the SVM...
[VERBOSE] 		SVM training complete.
[VERBOSE] 			Computing kernel between test and training data...
[VERBOSE] 		Training the SVM...
[VERBOSE] 		SVM training complete.
[VERBOSE] 			Computing kernel between test and training data...
[VERBOSE] 		Training the SVM...
[VERBOSE] 		SVM training complete.
[VERBOSE] 			Computing kernel between test and training data...
EXECUTING TIME: 8983.143436670303
TOTAL TIME: 8983.258576393127s	 PARALLEL: False
