no change     /opt/miniconda3/condabin/conda
no change     /opt/miniconda3/bin/conda
no change     /opt/miniconda3/bin/conda-env
no change     /opt/miniconda3/bin/activate
no change     /opt/miniconda3/bin/deactivate
no change     /opt/miniconda3/etc/profile.d/conda.sh
no change     /opt/miniconda3/etc/fish/conf.d/conda.fish
no change     /opt/miniconda3/shell/condabin/Conda.psm1
no change     /opt/miniconda3/shell/condabin/conda-hook.ps1
no change     /opt/miniconda3/lib/python3.11/site-packages/xontrib/conda.xsh
no change     /opt/miniconda3/etc/profile.d/conda.csh
no change     /home/diegogv/.bashrc
No action taken.
PARAMETERS
Embeddings: {<Embedding.ZZ: 5>}	Batch Auto: True	Sequential: True	Node: slave2	Dataset: iris	Qubits: 4	 Folds\Repeats: (8, 4)
[VERBOSE] Validation successful, fitting the model...
(4, <Model.QSVM: 4>, <Embedding.ZZ: 5>, None, None, 0, 0)
(4, <Model.QSVM: 4>, <Embedding.ZZ: 5>, None, None, 0, 1)
(4, <Model.QSVM: 4>, <Embedding.ZZ: 5>, None, None, 0, 2)
(4, <Model.QSVM: 4>, <Embedding.ZZ: 5>, None, None, 0, 3)
(4, <Model.QSVM: 4>, <Embedding.ZZ: 5>, None, None, 0, 4)
(4, <Model.QSVM: 4>, <Embedding.ZZ: 5>, None, None, 0, 5)
(4, <Model.QSVM: 4>, <Embedding.ZZ: 5>, None, None, 0, 6)
(4, <Model.QSVM: 4>, <Embedding.ZZ: 5>, None, None, 0, 7)
(4, <Model.QSVM: 4>, <Embedding.ZZ: 5>, None, None, 1, 0)
(4, <Model.QSVM: 4>, <Embedding.ZZ: 5>, None, None, 1, 1)
(4, <Model.QSVM: 4>, <Embedding.ZZ: 5>, None, None, 1, 2)
(4, <Model.QSVM: 4>, <Embedding.ZZ: 5>, None, None, 1, 3)
(4, <Model.QSVM: 4>, <Embedding.ZZ: 5>, None, None, 1, 4)
(4, <Model.QSVM: 4>, <Embedding.ZZ: 5>, None, None, 1, 5)
(4, <Model.QSVM: 4>, <Embedding.ZZ: 5>, None, None, 1, 6)
(4, <Model.QSVM: 4>, <Embedding.ZZ: 5>, None, None, 1, 7)
(4, <Model.QSVM: 4>, <Embedding.ZZ: 5>, None, None, 2, 0)
(4, <Model.QSVM: 4>, <Embedding.ZZ: 5>, None, None, 2, 1)
(4, <Model.QSVM: 4>, <Embedding.ZZ: 5>, None, None, 2, 2)
(4, <Model.QSVM: 4>, <Embedding.ZZ: 5>, None, None, 2, 3)
(4, <Model.QSVM: 4>, <Embedding.ZZ: 5>, None, None, 2, 4)
(4, <Model.QSVM: 4>, <Embedding.ZZ: 5>, None, None, 2, 5)
(4, <Model.QSVM: 4>, <Embedding.ZZ: 5>, None, None, 2, 6)
(4, <Model.QSVM: 4>, <Embedding.ZZ: 5>, None, None, 2, 7)
(4, <Model.QSVM: 4>, <Embedding.ZZ: 5>, None, None, 3, 0)
(4, <Model.QSVM: 4>, <Embedding.ZZ: 5>, None, None, 3, 1)
(4, <Model.QSVM: 4>, <Embedding.ZZ: 5>, None, None, 3, 2)
(4, <Model.QSVM: 4>, <Embedding.ZZ: 5>, None, None, 3, 3)
(4, <Model.QSVM: 4>, <Embedding.ZZ: 5>, None, None, 3, 4)
(4, <Model.QSVM: 4>, <Embedding.ZZ: 5>, None, None, 3, 5)
(4, <Model.QSVM: 4>, <Embedding.ZZ: 5>, None, None, 3, 6)
(4, <Model.QSVM: 4>, <Embedding.ZZ: 5>, None, None, 3, 7)
PREPROCESSING TIME: 0.21867728233337402
[VERBOSE] 		Training the SVM...
[VERBOSE] 		SVM training complete.
[VERBOSE] 			Computing kernel between test and training data...
[VERBOSE] 		Training the SVM...
[VERBOSE] 		SVM training complete.
[VERBOSE] 			Computing kernel between test and training data...
[VERBOSE] 		Training the SVM...
[VERBOSE] 		SVM training complete.
[VERBOSE] 			Computing kernel between test and training data...
[VERBOSE] 		Training the SVM...
[VERBOSE] 		SVM training complete.
[VERBOSE] 			Computing kernel between test and training data...
[VERBOSE] 		Training the SVM...
[VERBOSE] 		SVM training complete.
[VERBOSE] 			Computing kernel between test and training data...
[VERBOSE] 		Training the SVM...
[VERBOSE] 		SVM training complete.
[VERBOSE] 			Computing kernel between test and training data...
[VERBOSE] 		Training the SVM...
[VERBOSE] 		SVM training complete.
[VERBOSE] 			Computing kernel between test and training data...
[VERBOSE] 		Training the SVM...
[VERBOSE] 		SVM training complete.
[VERBOSE] 			Computing kernel between test and training data...
[VERBOSE] 		Training the SVM...
[VERBOSE] 		SVM training complete.
[VERBOSE] 			Computing kernel between test and training data...
[VERBOSE] 		Training the SVM...
[VERBOSE] 		SVM training complete.
[VERBOSE] 			Computing kernel between test and training data...
[VERBOSE] 		Training the SVM...
[VERBOSE] 		SVM training complete.
[VERBOSE] 			Computing kernel between test and training data...
[VERBOSE] 		Training the SVM...
[VERBOSE] 		SVM training complete.
[VERBOSE] 			Computing kernel between test and training data...
[VERBOSE] 		Training the SVM...
[VERBOSE] 		SVM training complete.
[VERBOSE] 			Computing kernel between test and training data...
[VERBOSE] 		Training the SVM...
[VERBOSE] 		SVM training complete.
[VERBOSE] 			Computing kernel between test and training data...
[VERBOSE] 		Training the SVM...
[VERBOSE] 		SVM training complete.
[VERBOSE] 			Computing kernel between test and training data...
[VERBOSE] 		Training the SVM...
[VERBOSE] 		SVM training complete.
[VERBOSE] 			Computing kernel between test and training data...
[VERBOSE] 		Training the SVM...
[VERBOSE] 		SVM training complete.
[VERBOSE] 			Computing kernel between test and training data...
[VERBOSE] 		Training the SVM...
[VERBOSE] 		SVM training complete.
[VERBOSE] 			Computing kernel between test and training data...
[VERBOSE] 		Training the SVM...
[VERBOSE] 		SVM training complete.
[VERBOSE] 			Computing kernel between test and training data...
[VERBOSE] 		Training the SVM...
[VERBOSE] 		SVM training complete.
[VERBOSE] 			Computing kernel between test and training data...
[VERBOSE] 		Training the SVM...
[VERBOSE] 		SVM training complete.
[VERBOSE] 			Computing kernel between test and training data...
[VERBOSE] 		Training the SVM...
[VERBOSE] 		SVM training complete.
[VERBOSE] 			Computing kernel between test and training data...
[VERBOSE] 		Training the SVM...
[VERBOSE] 		SVM training complete.
[VERBOSE] 			Computing kernel between test and training data...
[VERBOSE] 		Training the SVM...
[VERBOSE] 		SVM training complete.
[VERBOSE] 			Computing kernel between test and training data...
[VERBOSE] 		Training the SVM...
[VERBOSE] 		SVM training complete.
[VERBOSE] 			Computing kernel between test and training data...
[VERBOSE] 		Training the SVM...
[VERBOSE] 		SVM training complete.
[VERBOSE] 			Computing kernel between test and training data...
[VERBOSE] 		Training the SVM...
[VERBOSE] 		SVM training complete.
[VERBOSE] 			Computing kernel between test and training data...
[VERBOSE] 		Training the SVM...
[VERBOSE] 		SVM training complete.
[VERBOSE] 			Computing kernel between test and training data...
[VERBOSE] 		Training the SVM...
[VERBOSE] 		SVM training complete.
[VERBOSE] 			Computing kernel between test and training data...
[VERBOSE] 		Training the SVM...
[VERBOSE] 		SVM training complete.
[VERBOSE] 			Computing kernel between test and training data...
[VERBOSE] 		Training the SVM...
[VERBOSE] 		SVM training complete.
[VERBOSE] 			Computing kernel between test and training data...
[VERBOSE] 		Training the SVM...
[VERBOSE] 		SVM training complete.
[VERBOSE] 			Computing kernel between test and training data...
EXECUTING TIME: 8897.582154989243
TOTAL TIME: 8897.806222200394s	 PARALLEL: False
