no change     /opt/miniconda3/condabin/conda
no change     /opt/miniconda3/bin/conda
no change     /opt/miniconda3/bin/conda-env
no change     /opt/miniconda3/bin/activate
no change     /opt/miniconda3/bin/deactivate
no change     /opt/miniconda3/etc/profile.d/conda.sh
no change     /opt/miniconda3/etc/fish/conf.d/conda.fish
no change     /opt/miniconda3/shell/condabin/Conda.psm1
no change     /opt/miniconda3/shell/condabin/conda-hook.ps1
no change     /opt/miniconda3/lib/python3.11/site-packages/xontrib/conda.xsh
no change     /opt/miniconda3/etc/profile.d/conda.csh
no change     /home/diegogv/.bashrc
No action taken.
[Parallel(n_jobs=32)]: Using backend LokyBackend with 32 concurrent workers.
PARAMETERS
Embeddings: {<Embedding.AMP: 6>}	Batch Auto: True	Sequential: False	Node: slave1	Dataset: iris	Qubits: 4	 Folds\Repeats: (8, 4)
[VERBOSE] Validation successful, fitting the model...
(4, <Model.QSVM: 4>, <Embedding.AMP: 6>, None, None, 0, 0)
(4, <Model.QSVM: 4>, <Embedding.AMP: 6>, None, None, 0, 1)
(4, <Model.QSVM: 4>, <Embedding.AMP: 6>, None, None, 0, 2)
(4, <Model.QSVM: 4>, <Embedding.AMP: 6>, None, None, 0, 3)
(4, <Model.QSVM: 4>, <Embedding.AMP: 6>, None, None, 0, 4)
(4, <Model.QSVM: 4>, <Embedding.AMP: 6>, None, None, 0, 5)
(4, <Model.QSVM: 4>, <Embedding.AMP: 6>, None, None, 0, 6)
(4, <Model.QSVM: 4>, <Embedding.AMP: 6>, None, None, 0, 7)
(4, <Model.QSVM: 4>, <Embedding.AMP: 6>, None, None, 1, 0)
(4, <Model.QSVM: 4>, <Embedding.AMP: 6>, None, None, 1, 1)
(4, <Model.QSVM: 4>, <Embedding.AMP: 6>, None, None, 1, 2)
(4, <Model.QSVM: 4>, <Embedding.AMP: 6>, None, None, 1, 3)
(4, <Model.QSVM: 4>, <Embedding.AMP: 6>, None, None, 1, 4)
(4, <Model.QSVM: 4>, <Embedding.AMP: 6>, None, None, 1, 5)
(4, <Model.QSVM: 4>, <Embedding.AMP: 6>, None, None, 1, 6)
(4, <Model.QSVM: 4>, <Embedding.AMP: 6>, None, None, 1, 7)
(4, <Model.QSVM: 4>, <Embedding.AMP: 6>, None, None, 2, 0)
(4, <Model.QSVM: 4>, <Embedding.AMP: 6>, None, None, 2, 1)
(4, <Model.QSVM: 4>, <Embedding.AMP: 6>, None, None, 2, 2)
(4, <Model.QSVM: 4>, <Embedding.AMP: 6>, None, None, 2, 3)
(4, <Model.QSVM: 4>, <Embedding.AMP: 6>, None, None, 2, 4)
(4, <Model.QSVM: 4>, <Embedding.AMP: 6>, None, None, 2, 5)
(4, <Model.QSVM: 4>, <Embedding.AMP: 6>, None, None, 2, 6)
(4, <Model.QSVM: 4>, <Embedding.AMP: 6>, None, None, 2, 7)
(4, <Model.QSVM: 4>, <Embedding.AMP: 6>, None, None, 3, 0)
(4, <Model.QSVM: 4>, <Embedding.AMP: 6>, None, None, 3, 1)
(4, <Model.QSVM: 4>, <Embedding.AMP: 6>, None, None, 3, 2)
(4, <Model.QSVM: 4>, <Embedding.AMP: 6>, None, None, 3, 3)
(4, <Model.QSVM: 4>, <Embedding.AMP: 6>, None, None, 3, 4)
(4, <Model.QSVM: 4>, <Embedding.AMP: 6>, None, None, 3, 5)
(4, <Model.QSVM: 4>, <Embedding.AMP: 6>, None, None, 3, 6)
(4, <Model.QSVM: 4>, <Embedding.AMP: 6>, None, None, 3, 7)
PREPROCESSING TIME: 0.1046288013458252
[Parallel(n_jobs=32)]: Done   5 out of  32 | elapsed:  7.7min remaining: 41.8min
[Parallel(n_jobs=32)]: Done   9 out of  32 | elapsed:  7.8min remaining: 19.9min
[Parallel(n_jobs=32)]: Done  13 out of  32 | elapsed:  7.8min remaining: 11.4min
[Parallel(n_jobs=32)]: Done  17 out of  32 | elapsed:  7.8min remaining:  6.9min
[Parallel(n_jobs=32)]: Done  21 out of  32 | elapsed:  7.9min remaining:  4.1min
[Parallel(n_jobs=32)]: Done  25 out of  32 | elapsed:  7.9min remaining:  2.2min
[Parallel(n_jobs=32)]: Done  29 out of  32 | elapsed:  7.9min remaining:   49.1s
[Parallel(n_jobs=32)]: Done  32 out of  32 | elapsed:  8.0min finished
EXECUTING TIME: 479.6461057662964
TOTAL TIME: 479.7567615509033s	 PARALLEL: True
