no change     /opt/miniconda3/condabin/conda
no change     /opt/miniconda3/bin/conda
no change     /opt/miniconda3/bin/conda-env
no change     /opt/miniconda3/bin/activate
no change     /opt/miniconda3/bin/deactivate
no change     /opt/miniconda3/etc/profile.d/conda.sh
no change     /opt/miniconda3/etc/fish/conf.d/conda.fish
no change     /opt/miniconda3/shell/condabin/Conda.psm1
no change     /opt/miniconda3/shell/condabin/conda-hook.ps1
no change     /opt/miniconda3/lib/python3.11/site-packages/xontrib/conda.xsh
no change     /opt/miniconda3/etc/profile.d/conda.csh
no change     /home/diegogv/.bashrc
No action taken.
/home/diegogv/LazyQML/lazyqml/lazyqmlVote.py:257: FutureWarning: Downcasting behavior in `replace` is deprecated and will be removed in a future version. To retain the old behavior, explicitly call `result.infer_objects(copy=False)`. To opt-in to the future behavior, set `pd.set_option('future.no_silent_downcasting', True)`
  X_numerical = X.replace({'y': 1, 'n': 0, '?': float('NaN')})
/home/diegogv/LazyQML/lazyqml/lazyqmlVote.py:269: FutureWarning: Downcasting behavior in `replace` is deprecated and will be removed in a future version. To retain the old behavior, explicitly call `result.infer_objects(copy=False)`. To opt-in to the future behavior, set `pd.set_option('future.no_silent_downcasting', True)`
  y_numerical = y.replace({'republican': 1, 'democrat': 0})
[Parallel(n_jobs=16)]: Using backend LokyBackend with 16 concurrent workers.
   handicapped-infants  ...  export-administration-act-south-africa
0                  0.0  ...                                     1.0
1                  0.0  ...                                    -1.0
2                 -1.0  ...                                     0.0
3                  0.0  ...                                     1.0
4                  1.0  ...                                     1.0

[5 rows x 16 columns]
   handicapped-infants  ...  export-administration-act-south-africa
0              0.00000  ...                                1.000000
1              0.00000  ...                                0.812689
2              0.44208  ...                                0.000000
3              0.00000  ...                                1.000000
4              1.00000  ...                                1.000000

[5 rows x 16 columns]
   Class
0      1
1      1
2      0
3      0
4      0
   handicapped-infants  ...  export-administration-act-south-africa
0              0.00000  ...                                1.000000
1              0.00000  ...                                0.812689
2              0.44208  ...                                0.000000
3              0.00000  ...                                1.000000
4              1.00000  ...                                1.000000

[5 rows x 16 columns]
PARAMETERS
Embeddings: {<Embedding.ZZ: 5>}	Batch Auto: True	Sequential: False	Node: slave4	Dataset: vote	Qubits: 4	 Folds\Repeats: (8, 2)	Cores: 16
[VERBOSE] Validation successful, fitting the model...
(4, <Model.QSVM: 4>, <Embedding.ZZ: 5>, None, None, 0, 0)
(4, <Model.QSVM: 4>, <Embedding.ZZ: 5>, None, None, 0, 1)
(4, <Model.QSVM: 4>, <Embedding.ZZ: 5>, None, None, 0, 2)
(4, <Model.QSVM: 4>, <Embedding.ZZ: 5>, None, None, 0, 3)
(4, <Model.QSVM: 4>, <Embedding.ZZ: 5>, None, None, 0, 4)
(4, <Model.QSVM: 4>, <Embedding.ZZ: 5>, None, None, 0, 5)
(4, <Model.QSVM: 4>, <Embedding.ZZ: 5>, None, None, 0, 6)
(4, <Model.QSVM: 4>, <Embedding.ZZ: 5>, None, None, 0, 7)
(4, <Model.QSVM: 4>, <Embedding.ZZ: 5>, None, None, 1, 0)
(4, <Model.QSVM: 4>, <Embedding.ZZ: 5>, None, None, 1, 1)
(4, <Model.QSVM: 4>, <Embedding.ZZ: 5>, None, None, 1, 2)
(4, <Model.QSVM: 4>, <Embedding.ZZ: 5>, None, None, 1, 3)
(4, <Model.QSVM: 4>, <Embedding.ZZ: 5>, None, None, 1, 4)
(4, <Model.QSVM: 4>, <Embedding.ZZ: 5>, None, None, 1, 5)
(4, <Model.QSVM: 4>, <Embedding.ZZ: 5>, None, None, 1, 6)
(4, <Model.QSVM: 4>, <Embedding.ZZ: 5>, None, None, 1, 7)
PREPROCESSING TIME: 0.18425965309143066
/home/diegogv/.conda/envs/lazyqml/lib/python3.10/site-packages/sklearn/utils/validation.py:1339: DataConversionWarning: A column-vector y was passed when a 1d array was expected. Please change the shape of y to (n_samples, ), for example using ravel().
  y = column_or_1d(y, warn=True)
/home/diegogv/.conda/envs/lazyqml/lib/python3.10/site-packages/sklearn/utils/validation.py:1339: DataConversionWarning: A column-vector y was passed when a 1d array was expected. Please change the shape of y to (n_samples, ), for example using ravel().
  y = column_or_1d(y, warn=True)
/home/diegogv/.conda/envs/lazyqml/lib/python3.10/site-packages/sklearn/utils/validation.py:1339: DataConversionWarning: A column-vector y was passed when a 1d array was expected. Please change the shape of y to (n_samples, ), for example using ravel().
  y = column_or_1d(y, warn=True)
/home/diegogv/.conda/envs/lazyqml/lib/python3.10/site-packages/sklearn/utils/validation.py:1339: DataConversionWarning: A column-vector y was passed when a 1d array was expected. Please change the shape of y to (n_samples, ), for example using ravel().
  y = column_or_1d(y, warn=True)
/home/diegogv/.conda/envs/lazyqml/lib/python3.10/site-packages/sklearn/utils/validation.py:1339: DataConversionWarning: A column-vector y was passed when a 1d array was expected. Please change the shape of y to (n_samples, ), for example using ravel().
  y = column_or_1d(y, warn=True)
/home/diegogv/.conda/envs/lazyqml/lib/python3.10/site-packages/sklearn/utils/validation.py:1339: DataConversionWarning: A column-vector y was passed when a 1d array was expected. Please change the shape of y to (n_samples, ), for example using ravel().
  y = column_or_1d(y, warn=True)
/home/diegogv/.conda/envs/lazyqml/lib/python3.10/site-packages/sklearn/utils/validation.py:1339: DataConversionWarning: A column-vector y was passed when a 1d array was expected. Please change the shape of y to (n_samples, ), for example using ravel().
  y = column_or_1d(y, warn=True)
/home/diegogv/.conda/envs/lazyqml/lib/python3.10/site-packages/sklearn/utils/validation.py:1339: DataConversionWarning: A column-vector y was passed when a 1d array was expected. Please change the shape of y to (n_samples, ), for example using ravel().
  y = column_or_1d(y, warn=True)
/home/diegogv/.conda/envs/lazyqml/lib/python3.10/site-packages/sklearn/utils/validation.py:1339: DataConversionWarning: A column-vector y was passed when a 1d array was expected. Please change the shape of y to (n_samples, ), for example using ravel().
  y = column_or_1d(y, warn=True)
/home/diegogv/.conda/envs/lazyqml/lib/python3.10/site-packages/sklearn/utils/validation.py:1339: DataConversionWarning: A column-vector y was passed when a 1d array was expected. Please change the shape of y to (n_samples, ), for example using ravel().
  y = column_or_1d(y, warn=True)
/home/diegogv/.conda/envs/lazyqml/lib/python3.10/site-packages/sklearn/utils/validation.py:1339: DataConversionWarning: A column-vector y was passed when a 1d array was expected. Please change the shape of y to (n_samples, ), for example using ravel().
  y = column_or_1d(y, warn=True)
/home/diegogv/.conda/envs/lazyqml/lib/python3.10/site-packages/sklearn/utils/validation.py:1339: DataConversionWarning: A column-vector y was passed when a 1d array was expected. Please change the shape of y to (n_samples, ), for example using ravel().
  y = column_or_1d(y, warn=True)
/home/diegogv/.conda/envs/lazyqml/lib/python3.10/site-packages/sklearn/utils/validation.py:1339: DataConversionWarning: A column-vector y was passed when a 1d array was expected. Please change the shape of y to (n_samples, ), for example using ravel().
  y = column_or_1d(y, warn=True)
/home/diegogv/.conda/envs/lazyqml/lib/python3.10/site-packages/sklearn/utils/validation.py:1339: DataConversionWarning: A column-vector y was passed when a 1d array was expected. Please change the shape of y to (n_samples, ), for example using ravel().
  y = column_or_1d(y, warn=True)
/home/diegogv/.conda/envs/lazyqml/lib/python3.10/site-packages/sklearn/utils/validation.py:1339: DataConversionWarning: A column-vector y was passed when a 1d array was expected. Please change the shape of y to (n_samples, ), for example using ravel().
  y = column_or_1d(y, warn=True)
/home/diegogv/.conda/envs/lazyqml/lib/python3.10/site-packages/sklearn/utils/validation.py:1339: DataConversionWarning: A column-vector y was passed when a 1d array was expected. Please change the shape of y to (n_samples, ), for example using ravel().
  y = column_or_1d(y, warn=True)
[Parallel(n_jobs=16)]: Done   3 out of  16 | elapsed: 69.1min remaining: 299.4min
[Parallel(n_jobs=16)]: Done   5 out of  16 | elapsed: 69.3min remaining: 152.5min
[Parallel(n_jobs=16)]: Done   7 out of  16 | elapsed: 69.5min remaining: 89.3min
[Parallel(n_jobs=16)]: Done   9 out of  16 | elapsed: 69.6min remaining: 54.1min
[Parallel(n_jobs=16)]: Done  11 out of  16 | elapsed: 69.7min remaining: 31.7min
[Parallel(n_jobs=16)]: Done  13 out of  16 | elapsed: 69.7min remaining: 16.1min
[Parallel(n_jobs=16)]: Done  16 out of  16 | elapsed: 70.1min finished
EXECUTING TIME: 4203.06823348999
|    |   Qubits | Model      | Embedding    | Ansatz   | Features   |   Time taken |   Accuracy |   Balanced Accuracy |   F1 Score | Custom Metric   | Predictions   |
|---:|---------:|:-----------|:-------------|:---------|:-----------|-------------:|-----------:|--------------------:|-----------:|:----------------|:--------------|
|  0 |        4 | Model.QSVM | Embedding.ZZ |          | ~          |      4157.76 |   0.742529 |            0.690944 |   0.724406 |                 | []            |
|  1 |        4 | Model.QSVM | Embedding.ZZ |          | ~          |      4193.46 |   0.742529 |            0.690944 |   0.724406 |                 | []            |
|  2 |        4 | Model.QSVM | Embedding.ZZ |          | ~          |      4133.65 |   0.742529 |            0.690944 |   0.724406 |                 | []            |
|  3 |        4 | Model.QSVM | Embedding.ZZ |          | ~          |      4177.44 |   0.742529 |            0.690944 |   0.724406 |                 | []            |
|  4 |        4 | Model.QSVM | Embedding.ZZ |          | ~          |      4192.43 |   0.742529 |            0.690944 |   0.724406 |                 | []            |
|  5 |        4 | Model.QSVM | Embedding.ZZ |          | ~          |      4154.32 |   0.742529 |            0.690944 |   0.724406 |                 | []            |
|  6 |        4 | Model.QSVM | Embedding.ZZ |          | ~          |      4171.54 |   0.742529 |            0.690944 |   0.724406 |                 | []            |
|  7 |        4 | Model.QSVM | Embedding.ZZ |          | ~          |      4151.03 |   0.742529 |            0.690944 |   0.724406 |                 | []            |
|  8 |        4 | Model.QSVM | Embedding.ZZ |          | ~          |      4140.63 |   0.742529 |            0.690944 |   0.724406 |                 | []            |
|  9 |        4 | Model.QSVM | Embedding.ZZ |          | ~          |      4175.14 |   0.742529 |            0.690944 |   0.724406 |                 | []            |
| 10 |        4 | Model.QSVM | Embedding.ZZ |          | ~          |      4164.03 |   0.742529 |            0.690944 |   0.724406 |                 | []            |
| 11 |        4 | Model.QSVM | Embedding.ZZ |          | ~          |      4176.01 |   0.742529 |            0.690944 |   0.724406 |                 | []            |
| 12 |        4 | Model.QSVM | Embedding.ZZ |          | ~          |      4177.34 |   0.742529 |            0.690944 |   0.724406 |                 | []            |
| 13 |        4 | Model.QSVM | Embedding.ZZ |          | ~          |      4140.98 |   0.742529 |            0.690944 |   0.724406 |                 | []            |
| 14 |        4 | Model.QSVM | Embedding.ZZ |          | ~          |      4198.2  |   0.742529 |            0.690944 |   0.724406 |                 | []            |
| 15 |        4 | Model.QSVM | Embedding.ZZ |          | ~          |      4166.7  |   0.742529 |            0.690944 |   0.724406 |                 | []            |
RESULTS TIME: 0.026325464248657227
TOTAL TIME: 4203.290137767792s	 PARALLEL: True
