no change     /opt/miniconda3/condabin/conda
no change     /opt/miniconda3/bin/conda
no change     /opt/miniconda3/bin/conda-env
no change     /opt/miniconda3/bin/activate
no change     /opt/miniconda3/bin/deactivate
no change     /opt/miniconda3/etc/profile.d/conda.sh
no change     /opt/miniconda3/etc/fish/conf.d/conda.fish
no change     /opt/miniconda3/shell/condabin/Conda.psm1
no change     /opt/miniconda3/shell/condabin/conda-hook.ps1
no change     /opt/miniconda3/lib/python3.11/site-packages/xontrib/conda.xsh
no change     /opt/miniconda3/etc/profile.d/conda.csh
no change     /home/diegogv/.bashrc
No action taken.
[Parallel(n_jobs=16)]: Using backend LokyBackend with 16 concurrent workers.
PARAMETERS
Embeddings: {<Embedding.RZ: 3>, <Embedding.RX: 2>, <Embedding.RY: 4>}	Batch Auto: True	Sequential: False	Node: slave5	Dataset: iris	Qubits: 4	 Folds\Repeats: (8, 2)
[VERBOSE] Validation successful, fitting the model...
(4, <Model.QSVM: 4>, <Embedding.RZ: 3>, None, None, 0, 0)
(4, <Model.QSVM: 4>, <Embedding.RZ: 3>, None, None, 0, 1)
(4, <Model.QSVM: 4>, <Embedding.RZ: 3>, None, None, 0, 2)
(4, <Model.QSVM: 4>, <Embedding.RZ: 3>, None, None, 0, 3)
(4, <Model.QSVM: 4>, <Embedding.RZ: 3>, None, None, 0, 4)
(4, <Model.QSVM: 4>, <Embedding.RZ: 3>, None, None, 0, 5)
(4, <Model.QSVM: 4>, <Embedding.RZ: 3>, None, None, 0, 6)
(4, <Model.QSVM: 4>, <Embedding.RZ: 3>, None, None, 0, 7)
(4, <Model.QSVM: 4>, <Embedding.RZ: 3>, None, None, 1, 0)
(4, <Model.QSVM: 4>, <Embedding.RZ: 3>, None, None, 1, 1)
(4, <Model.QSVM: 4>, <Embedding.RZ: 3>, None, None, 1, 2)
(4, <Model.QSVM: 4>, <Embedding.RZ: 3>, None, None, 1, 3)
(4, <Model.QSVM: 4>, <Embedding.RZ: 3>, None, None, 1, 4)
(4, <Model.QSVM: 4>, <Embedding.RZ: 3>, None, None, 1, 5)
(4, <Model.QSVM: 4>, <Embedding.RZ: 3>, None, None, 1, 6)
(4, <Model.QSVM: 4>, <Embedding.RZ: 3>, None, None, 1, 7)
(4, <Model.QSVM: 4>, <Embedding.RX: 2>, None, None, 0, 0)
(4, <Model.QSVM: 4>, <Embedding.RX: 2>, None, None, 0, 1)
(4, <Model.QSVM: 4>, <Embedding.RX: 2>, None, None, 0, 2)
(4, <Model.QSVM: 4>, <Embedding.RX: 2>, None, None, 0, 3)
(4, <Model.QSVM: 4>, <Embedding.RX: 2>, None, None, 0, 4)
(4, <Model.QSVM: 4>, <Embedding.RX: 2>, None, None, 0, 5)
(4, <Model.QSVM: 4>, <Embedding.RX: 2>, None, None, 0, 6)
(4, <Model.QSVM: 4>, <Embedding.RX: 2>, None, None, 0, 7)
(4, <Model.QSVM: 4>, <Embedding.RX: 2>, None, None, 1, 0)
(4, <Model.QSVM: 4>, <Embedding.RX: 2>, None, None, 1, 1)
(4, <Model.QSVM: 4>, <Embedding.RX: 2>, None, None, 1, 2)
(4, <Model.QSVM: 4>, <Embedding.RX: 2>, None, None, 1, 3)
(4, <Model.QSVM: 4>, <Embedding.RX: 2>, None, None, 1, 4)
(4, <Model.QSVM: 4>, <Embedding.RX: 2>, None, None, 1, 5)
(4, <Model.QSVM: 4>, <Embedding.RX: 2>, None, None, 1, 6)
(4, <Model.QSVM: 4>, <Embedding.RX: 2>, None, None, 1, 7)
(4, <Model.QSVM: 4>, <Embedding.RY: 4>, None, None, 0, 0)
(4, <Model.QSVM: 4>, <Embedding.RY: 4>, None, None, 0, 1)
(4, <Model.QSVM: 4>, <Embedding.RY: 4>, None, None, 0, 2)
(4, <Model.QSVM: 4>, <Embedding.RY: 4>, None, None, 0, 3)
(4, <Model.QSVM: 4>, <Embedding.RY: 4>, None, None, 0, 4)
(4, <Model.QSVM: 4>, <Embedding.RY: 4>, None, None, 0, 5)
(4, <Model.QSVM: 4>, <Embedding.RY: 4>, None, None, 0, 6)
(4, <Model.QSVM: 4>, <Embedding.RY: 4>, None, None, 0, 7)
(4, <Model.QSVM: 4>, <Embedding.RY: 4>, None, None, 1, 0)
(4, <Model.QSVM: 4>, <Embedding.RY: 4>, None, None, 1, 1)
(4, <Model.QSVM: 4>, <Embedding.RY: 4>, None, None, 1, 2)
(4, <Model.QSVM: 4>, <Embedding.RY: 4>, None, None, 1, 3)
(4, <Model.QSVM: 4>, <Embedding.RY: 4>, None, None, 1, 4)
(4, <Model.QSVM: 4>, <Embedding.RY: 4>, None, None, 1, 5)
(4, <Model.QSVM: 4>, <Embedding.RY: 4>, None, None, 1, 6)
(4, <Model.QSVM: 4>, <Embedding.RY: 4>, None, None, 1, 7)
PREPROCESSING TIME: 0.4410569667816162
[Parallel(n_jobs=16)]: Done   9 tasks      | elapsed:  2.1min
[Parallel(n_jobs=16)]: Done  22 out of  48 | elapsed:  3.6min remaining:  4.2min
[Parallel(n_jobs=16)]: Done  27 out of  48 | elapsed:  3.6min remaining:  2.8min
[Parallel(n_jobs=16)]: Done  32 out of  48 | elapsed:  3.6min remaining:  1.8min
[Parallel(n_jobs=16)]: Done  37 out of  48 | elapsed:  5.0min remaining:  1.5min
[Parallel(n_jobs=16)]: Done  42 out of  48 | elapsed:  5.1min remaining:   43.5s
[Parallel(n_jobs=16)]: Done  48 out of  48 | elapsed:  5.1min finished
EXECUTING TIME: 307.21278047561646
TOTAL TIME: 307.66618943214417s	 PARALLEL: True
