no change     /opt/miniconda3/condabin/conda
no change     /opt/miniconda3/bin/conda
no change     /opt/miniconda3/bin/conda-env
no change     /opt/miniconda3/bin/activate
no change     /opt/miniconda3/bin/deactivate
no change     /opt/miniconda3/etc/profile.d/conda.sh
no change     /opt/miniconda3/etc/fish/conf.d/conda.fish
no change     /opt/miniconda3/shell/condabin/Conda.psm1
no change     /opt/miniconda3/shell/condabin/conda-hook.ps1
no change     /opt/miniconda3/lib/python3.11/site-packages/xontrib/conda.xsh
no change     /opt/miniconda3/etc/profile.d/conda.csh
no change     /home/diegogv/.bashrc
No action taken.
/home/diegogv/LazyQML/lazyqml/lazyqmlVote.py:257: FutureWarning: Downcasting behavior in `replace` is deprecated and will be removed in a future version. To retain the old behavior, explicitly call `result.infer_objects(copy=False)`. To opt-in to the future behavior, set `pd.set_option('future.no_silent_downcasting', True)`
  X_numerical = X.replace({'y': 1, 'n': 0, '?': float('NaN')})
/home/diegogv/LazyQML/lazyqml/lazyqmlVote.py:269: FutureWarning: Downcasting behavior in `replace` is deprecated and will be removed in a future version. To retain the old behavior, explicitly call `result.infer_objects(copy=False)`. To opt-in to the future behavior, set `pd.set_option('future.no_silent_downcasting', True)`
  y_numerical = y.replace({'republican': 1, 'democrat': 0})
[Parallel(n_jobs=16)]: Using backend LokyBackend with 16 concurrent workers.
   handicapped-infants  ...  export-administration-act-south-africa
0                  0.0  ...                                     1.0
1                  0.0  ...                                    -1.0
2                 -1.0  ...                                     0.0
3                  0.0  ...                                     1.0
4                  1.0  ...                                     1.0

[5 rows x 16 columns]
   handicapped-infants  ...  export-administration-act-south-africa
0              0.00000  ...                                1.000000
1              0.00000  ...                                0.812689
2              0.44208  ...                                0.000000
3              0.00000  ...                                1.000000
4              1.00000  ...                                1.000000

[5 rows x 16 columns]
   Class
0      1
1      1
2      0
3      0
4      0
   handicapped-infants  ...  export-administration-act-south-africa
0              0.00000  ...                                1.000000
1              0.00000  ...                                0.812689
2              0.44208  ...                                0.000000
3              0.00000  ...                                1.000000
4              1.00000  ...                                1.000000

[5 rows x 16 columns]
PARAMETERS
Embeddings: {<Embedding.ZZ: 5>}	Batch Auto: True	Sequential: False	Node: slave4	Dataset: vote	Qubits: 8	 Folds\Repeats: (8, 2)	Cores: 16
[VERBOSE] Validation successful, fitting the model...
(8, <Model.QSVM: 4>, <Embedding.ZZ: 5>, None, None, 0, 0)
(8, <Model.QSVM: 4>, <Embedding.ZZ: 5>, None, None, 0, 1)
(8, <Model.QSVM: 4>, <Embedding.ZZ: 5>, None, None, 0, 2)
(8, <Model.QSVM: 4>, <Embedding.ZZ: 5>, None, None, 0, 3)
(8, <Model.QSVM: 4>, <Embedding.ZZ: 5>, None, None, 0, 4)
(8, <Model.QSVM: 4>, <Embedding.ZZ: 5>, None, None, 0, 5)
(8, <Model.QSVM: 4>, <Embedding.ZZ: 5>, None, None, 0, 6)
(8, <Model.QSVM: 4>, <Embedding.ZZ: 5>, None, None, 0, 7)
(8, <Model.QSVM: 4>, <Embedding.ZZ: 5>, None, None, 1, 0)
(8, <Model.QSVM: 4>, <Embedding.ZZ: 5>, None, None, 1, 1)
(8, <Model.QSVM: 4>, <Embedding.ZZ: 5>, None, None, 1, 2)
(8, <Model.QSVM: 4>, <Embedding.ZZ: 5>, None, None, 1, 3)
(8, <Model.QSVM: 4>, <Embedding.ZZ: 5>, None, None, 1, 4)
(8, <Model.QSVM: 4>, <Embedding.ZZ: 5>, None, None, 1, 5)
(8, <Model.QSVM: 4>, <Embedding.ZZ: 5>, None, None, 1, 6)
(8, <Model.QSVM: 4>, <Embedding.ZZ: 5>, None, None, 1, 7)
PREPROCESSING TIME: 0.16453123092651367
/home/diegogv/.conda/envs/lazyqml/lib/python3.10/site-packages/sklearn/utils/validation.py:1339: DataConversionWarning: A column-vector y was passed when a 1d array was expected. Please change the shape of y to (n_samples, ), for example using ravel().
  y = column_or_1d(y, warn=True)
/home/diegogv/.conda/envs/lazyqml/lib/python3.10/site-packages/sklearn/utils/validation.py:1339: DataConversionWarning: A column-vector y was passed when a 1d array was expected. Please change the shape of y to (n_samples, ), for example using ravel().
  y = column_or_1d(y, warn=True)
/home/diegogv/.conda/envs/lazyqml/lib/python3.10/site-packages/sklearn/utils/validation.py:1339: DataConversionWarning: A column-vector y was passed when a 1d array was expected. Please change the shape of y to (n_samples, ), for example using ravel().
  y = column_or_1d(y, warn=True)
/home/diegogv/.conda/envs/lazyqml/lib/python3.10/site-packages/sklearn/utils/validation.py:1339: DataConversionWarning: A column-vector y was passed when a 1d array was expected. Please change the shape of y to (n_samples, ), for example using ravel().
  y = column_or_1d(y, warn=True)
/home/diegogv/.conda/envs/lazyqml/lib/python3.10/site-packages/sklearn/utils/validation.py:1339: DataConversionWarning: A column-vector y was passed when a 1d array was expected. Please change the shape of y to (n_samples, ), for example using ravel().
  y = column_or_1d(y, warn=True)
/home/diegogv/.conda/envs/lazyqml/lib/python3.10/site-packages/sklearn/utils/validation.py:1339: DataConversionWarning: A column-vector y was passed when a 1d array was expected. Please change the shape of y to (n_samples, ), for example using ravel().
  y = column_or_1d(y, warn=True)
/home/diegogv/.conda/envs/lazyqml/lib/python3.10/site-packages/sklearn/utils/validation.py:1339: DataConversionWarning: A column-vector y was passed when a 1d array was expected. Please change the shape of y to (n_samples, ), for example using ravel().
  y = column_or_1d(y, warn=True)
/home/diegogv/.conda/envs/lazyqml/lib/python3.10/site-packages/sklearn/utils/validation.py:1339: DataConversionWarning: A column-vector y was passed when a 1d array was expected. Please change the shape of y to (n_samples, ), for example using ravel().
  y = column_or_1d(y, warn=True)
/home/diegogv/.conda/envs/lazyqml/lib/python3.10/site-packages/sklearn/utils/validation.py:1339: DataConversionWarning: A column-vector y was passed when a 1d array was expected. Please change the shape of y to (n_samples, ), for example using ravel().
  y = column_or_1d(y, warn=True)
/home/diegogv/.conda/envs/lazyqml/lib/python3.10/site-packages/sklearn/utils/validation.py:1339: DataConversionWarning: A column-vector y was passed when a 1d array was expected. Please change the shape of y to (n_samples, ), for example using ravel().
  y = column_or_1d(y, warn=True)
/home/diegogv/.conda/envs/lazyqml/lib/python3.10/site-packages/sklearn/utils/validation.py:1339: DataConversionWarning: A column-vector y was passed when a 1d array was expected. Please change the shape of y to (n_samples, ), for example using ravel().
  y = column_or_1d(y, warn=True)
/home/diegogv/.conda/envs/lazyqml/lib/python3.10/site-packages/sklearn/utils/validation.py:1339: DataConversionWarning: A column-vector y was passed when a 1d array was expected. Please change the shape of y to (n_samples, ), for example using ravel().
  y = column_or_1d(y, warn=True)
/home/diegogv/.conda/envs/lazyqml/lib/python3.10/site-packages/sklearn/utils/validation.py:1339: DataConversionWarning: A column-vector y was passed when a 1d array was expected. Please change the shape of y to (n_samples, ), for example using ravel().
  y = column_or_1d(y, warn=True)
/home/diegogv/.conda/envs/lazyqml/lib/python3.10/site-packages/sklearn/utils/validation.py:1339: DataConversionWarning: A column-vector y was passed when a 1d array was expected. Please change the shape of y to (n_samples, ), for example using ravel().
  y = column_or_1d(y, warn=True)
/home/diegogv/.conda/envs/lazyqml/lib/python3.10/site-packages/sklearn/utils/validation.py:1339: DataConversionWarning: A column-vector y was passed when a 1d array was expected. Please change the shape of y to (n_samples, ), for example using ravel().
  y = column_or_1d(y, warn=True)
/home/diegogv/.conda/envs/lazyqml/lib/python3.10/site-packages/sklearn/utils/validation.py:1339: DataConversionWarning: A column-vector y was passed when a 1d array was expected. Please change the shape of y to (n_samples, ), for example using ravel().
  y = column_or_1d(y, warn=True)
