no change     /opt/miniconda3/condabin/conda
no change     /opt/miniconda3/bin/conda
no change     /opt/miniconda3/bin/conda-env
no change     /opt/miniconda3/bin/activate
no change     /opt/miniconda3/bin/deactivate
no change     /opt/miniconda3/etc/profile.d/conda.sh
no change     /opt/miniconda3/etc/fish/conf.d/conda.fish
no change     /opt/miniconda3/shell/condabin/Conda.psm1
no change     /opt/miniconda3/shell/condabin/conda-hook.ps1
no change     /opt/miniconda3/lib/python3.11/site-packages/xontrib/conda.xsh
no change     /opt/miniconda3/etc/profile.d/conda.csh
no change     /home/diegogv/.bashrc
No action taken.
[Parallel(n_jobs=2)]: Using backend LokyBackend with 2 concurrent workers.
PARAMETERS
Embeddings: {<Embedding.ZZ: 5>}	Batch Auto: True	Sequential: False	Node: slave5	Dataset: iris	Qubits: 16	 Folds\Repeats: (8, 2)	Cores: 2
[VERBOSE] Validation successful, fitting the model...
(16, <Model.QSVM: 4>, <Embedding.ZZ: 5>, None, None, 0, 0)
(16, <Model.QSVM: 4>, <Embedding.ZZ: 5>, None, None, 0, 1)
(16, <Model.QSVM: 4>, <Embedding.ZZ: 5>, None, None, 0, 2)
(16, <Model.QSVM: 4>, <Embedding.ZZ: 5>, None, None, 0, 3)
(16, <Model.QSVM: 4>, <Embedding.ZZ: 5>, None, None, 0, 4)
(16, <Model.QSVM: 4>, <Embedding.ZZ: 5>, None, None, 0, 5)
(16, <Model.QSVM: 4>, <Embedding.ZZ: 5>, None, None, 0, 6)
(16, <Model.QSVM: 4>, <Embedding.ZZ: 5>, None, None, 0, 7)
(16, <Model.QSVM: 4>, <Embedding.ZZ: 5>, None, None, 1, 0)
(16, <Model.QSVM: 4>, <Embedding.ZZ: 5>, None, None, 1, 1)
(16, <Model.QSVM: 4>, <Embedding.ZZ: 5>, None, None, 1, 2)
(16, <Model.QSVM: 4>, <Embedding.ZZ: 5>, None, None, 1, 3)
(16, <Model.QSVM: 4>, <Embedding.ZZ: 5>, None, None, 1, 4)
(16, <Model.QSVM: 4>, <Embedding.ZZ: 5>, None, None, 1, 5)
(16, <Model.QSVM: 4>, <Embedding.ZZ: 5>, None, None, 1, 6)
(16, <Model.QSVM: 4>, <Embedding.ZZ: 5>, None, None, 1, 7)
PREPROCESSING TIME: 0.10598945617675781
[Parallel(n_jobs=2)]: Done   1 tasks      | elapsed: 14.2min
[Parallel(n_jobs=2)]: Done   4 tasks      | elapsed: 28.9min
[Parallel(n_jobs=2)]: Done   9 tasks      | elapsed: 70.7min
[Parallel(n_jobs=2)]: Done  16 out of  16 | elapsed: 113.7min finished
EXECUTING TIME: 6819.460764169693
|    |   Qubits | Model      | Embedding    | Ansatz   | Features   |   Time taken |   Accuracy |   Balanced Accuracy |   F1 Score | Custom Metric   | Predictions   |
|---:|---------:|:-----------|:-------------|:---------|:-----------|-------------:|-----------:|--------------------:|-----------:|:----------------|:--------------|
|  0 |       16 | Model.QSVM | Embedding.ZZ |          | ~          |      867.292 |        0.8 |                 0.8 |    0.80009 |                 | []            |
|  1 |       16 | Model.QSVM | Embedding.ZZ |          | ~          |      849.226 |        0.8 |                 0.8 |    0.80009 |                 | []            |
|  2 |       16 | Model.QSVM | Embedding.ZZ |          | ~          |      852.825 |        0.8 |                 0.8 |    0.80009 |                 | []            |
|  3 |       16 | Model.QSVM | Embedding.ZZ |          | ~          |      864.865 |        0.8 |                 0.8 |    0.80009 |                 | []            |
|  4 |       16 | Model.QSVM | Embedding.ZZ |          | ~          |      840.972 |        0.8 |                 0.8 |    0.80009 |                 | []            |
|  5 |       16 | Model.QSVM | Embedding.ZZ |          | ~          |      843.445 |        0.8 |                 0.8 |    0.80009 |                 | []            |
|  6 |       16 | Model.QSVM | Embedding.ZZ |          | ~          |      847.172 |        0.8 |                 0.8 |    0.80009 |                 | []            |
|  7 |       16 | Model.QSVM | Embedding.ZZ |          | ~          |      848.79  |        0.8 |                 0.8 |    0.80009 |                 | []            |
|  8 |       16 | Model.QSVM | Embedding.ZZ |          | ~          |      844.58  |        0.8 |                 0.8 |    0.80009 |                 | []            |
|  9 |       16 | Model.QSVM | Embedding.ZZ |          | ~          |      848.598 |        0.8 |                 0.8 |    0.80009 |                 | []            |
| 10 |       16 | Model.QSVM | Embedding.ZZ |          | ~          |      839.227 |        0.8 |                 0.8 |    0.80009 |                 | []            |
| 11 |       16 | Model.QSVM | Embedding.ZZ |          | ~          |      845.859 |        0.8 |                 0.8 |    0.80009 |                 | []            |
| 12 |       16 | Model.QSVM | Embedding.ZZ |          | ~          |      843.099 |        0.8 |                 0.8 |    0.80009 |                 | []            |
| 13 |       16 | Model.QSVM | Embedding.ZZ |          | ~          |      849.759 |        0.8 |                 0.8 |    0.80009 |                 | []            |
| 14 |       16 | Model.QSVM | Embedding.ZZ |          | ~          |      843.14  |        0.8 |                 0.8 |    0.80009 |                 | []            |
| 15 |       16 | Model.QSVM | Embedding.ZZ |          | ~          |      846.446 |        0.8 |                 0.8 |    0.80009 |                 | []            |
RESULTS TIME: 0.02721381187438965
TOTAL TIME: 6819.601859331131s	 PARALLEL: True
