no change     /opt/miniconda3/condabin/conda
no change     /opt/miniconda3/bin/conda
no change     /opt/miniconda3/bin/conda-env
no change     /opt/miniconda3/bin/activate
no change     /opt/miniconda3/bin/deactivate
no change     /opt/miniconda3/etc/profile.d/conda.sh
no change     /opt/miniconda3/etc/fish/conf.d/conda.fish
no change     /opt/miniconda3/shell/condabin/Conda.psm1
no change     /opt/miniconda3/shell/condabin/conda-hook.ps1
no change     /opt/miniconda3/lib/python3.11/site-packages/xontrib/conda.xsh
no change     /opt/miniconda3/etc/profile.d/conda.csh
no change     /home/diegogv/.bashrc
No action taken.
PARAMETERS
Embeddings: {<Embedding.RZ: 3>, <Embedding.RY: 4>, <Embedding.RX: 2>}	Batch Auto: True	Sequential: False	Node: slave4	Dataset: iris
[VERBOSE] Validation successful, fitting the model...
MAX MODELS: 16
(4, <Model.QSVM: 4>, <Embedding.RX: 2>, None, None)
(4, <Model.QSVM: 4>, <Embedding.RY: 4>, None, None)
(4, <Model.QSVM: 4>, <Embedding.RZ: 3>, None, None)
(8, <Model.QSVM: 4>, <Embedding.RX: 2>, None, None)
(8, <Model.QSVM: 4>, <Embedding.RY: 4>, None, None)
(8, <Model.QSVM: 4>, <Embedding.RZ: 3>, None, None)
(16, <Model.QSVM: 4>, <Embedding.RX: 2>, None, None)
(16, <Model.QSVM: 4>, <Embedding.RY: 4>, None, None)
(16, <Model.QSVM: 4>, <Embedding.RZ: 3>, None, None)
(24, <Model.QSVM: 4>, <Embedding.RX: 2>, None, None)
(24, <Model.QSVM: 4>, <Embedding.RY: 4>, None, None)
(24, <Model.QSVM: 4>, <Embedding.RZ: 3>, None, None)
