no change     /opt/miniconda3/condabin/conda
no change     /opt/miniconda3/bin/conda
no change     /opt/miniconda3/bin/conda-env
no change     /opt/miniconda3/bin/activate
no change     /opt/miniconda3/bin/deactivate
no change     /opt/miniconda3/etc/profile.d/conda.sh
no change     /opt/miniconda3/etc/fish/conf.d/conda.fish
no change     /opt/miniconda3/shell/condabin/Conda.psm1
no change     /opt/miniconda3/shell/condabin/conda-hook.ps1
no change     /opt/miniconda3/lib/python3.11/site-packages/xontrib/conda.xsh
no change     /opt/miniconda3/etc/profile.d/conda.csh
no change     /home/diegogv/.bashrc
No action taken.
[Parallel(n_jobs=32)]: Using backend LokyBackend with 32 concurrent workers.
PARAMETERS
Embeddings: {<Embedding.ZZ: 5>}	Batch Auto: True	Sequential: False	Node: slave2	Dataset: iris	Qubits: 16	 Folds\Repeats: (8, 4)
[VERBOSE] Validation successful, fitting the model...
(16, <Model.QSVM: 4>, <Embedding.ZZ: 5>, None, None, 0, 0)
(16, <Model.QSVM: 4>, <Embedding.ZZ: 5>, None, None, 0, 1)
(16, <Model.QSVM: 4>, <Embedding.ZZ: 5>, None, None, 0, 2)
(16, <Model.QSVM: 4>, <Embedding.ZZ: 5>, None, None, 0, 3)
(16, <Model.QSVM: 4>, <Embedding.ZZ: 5>, None, None, 0, 4)
(16, <Model.QSVM: 4>, <Embedding.ZZ: 5>, None, None, 0, 5)
(16, <Model.QSVM: 4>, <Embedding.ZZ: 5>, None, None, 0, 6)
(16, <Model.QSVM: 4>, <Embedding.ZZ: 5>, None, None, 0, 7)
(16, <Model.QSVM: 4>, <Embedding.ZZ: 5>, None, None, 1, 0)
(16, <Model.QSVM: 4>, <Embedding.ZZ: 5>, None, None, 1, 1)
(16, <Model.QSVM: 4>, <Embedding.ZZ: 5>, None, None, 1, 2)
(16, <Model.QSVM: 4>, <Embedding.ZZ: 5>, None, None, 1, 3)
(16, <Model.QSVM: 4>, <Embedding.ZZ: 5>, None, None, 1, 4)
(16, <Model.QSVM: 4>, <Embedding.ZZ: 5>, None, None, 1, 5)
(16, <Model.QSVM: 4>, <Embedding.ZZ: 5>, None, None, 1, 6)
(16, <Model.QSVM: 4>, <Embedding.ZZ: 5>, None, None, 1, 7)
(16, <Model.QSVM: 4>, <Embedding.ZZ: 5>, None, None, 2, 0)
(16, <Model.QSVM: 4>, <Embedding.ZZ: 5>, None, None, 2, 1)
(16, <Model.QSVM: 4>, <Embedding.ZZ: 5>, None, None, 2, 2)
(16, <Model.QSVM: 4>, <Embedding.ZZ: 5>, None, None, 2, 3)
(16, <Model.QSVM: 4>, <Embedding.ZZ: 5>, None, None, 2, 4)
(16, <Model.QSVM: 4>, <Embedding.ZZ: 5>, None, None, 2, 5)
(16, <Model.QSVM: 4>, <Embedding.ZZ: 5>, None, None, 2, 6)
(16, <Model.QSVM: 4>, <Embedding.ZZ: 5>, None, None, 2, 7)
(16, <Model.QSVM: 4>, <Embedding.ZZ: 5>, None, None, 3, 0)
(16, <Model.QSVM: 4>, <Embedding.ZZ: 5>, None, None, 3, 1)
(16, <Model.QSVM: 4>, <Embedding.ZZ: 5>, None, None, 3, 2)
(16, <Model.QSVM: 4>, <Embedding.ZZ: 5>, None, None, 3, 3)
(16, <Model.QSVM: 4>, <Embedding.ZZ: 5>, None, None, 3, 4)
(16, <Model.QSVM: 4>, <Embedding.ZZ: 5>, None, None, 3, 5)
(16, <Model.QSVM: 4>, <Embedding.ZZ: 5>, None, None, 3, 6)
(16, <Model.QSVM: 4>, <Embedding.ZZ: 5>, None, None, 3, 7)
PREPROCESSING TIME: 0.17598795890808105
[Parallel(n_jobs=32)]: Done   5 out of  32 | elapsed: 14.8min remaining: 80.1min
[Parallel(n_jobs=32)]: Done   9 out of  32 | elapsed: 14.9min remaining: 38.0min
[Parallel(n_jobs=32)]: Done  13 out of  32 | elapsed: 15.0min remaining: 21.9min
[Parallel(n_jobs=32)]: Done  17 out of  32 | elapsed: 15.1min remaining: 13.3min
[Parallel(n_jobs=32)]: Done  21 out of  32 | elapsed: 15.1min remaining:  7.9min
[Parallel(n_jobs=32)]: Done  25 out of  32 | elapsed: 15.2min remaining:  4.3min
[Parallel(n_jobs=32)]: Done  29 out of  32 | elapsed: 15.2min remaining:  1.6min
[Parallel(n_jobs=32)]: Done  32 out of  32 | elapsed: 15.3min finished
EXECUTING TIME: 917.9756579399109
TOTAL TIME: 918.162588596344s	 PARALLEL: True
