no change     /opt/miniconda3/condabin/conda
no change     /opt/miniconda3/bin/conda
no change     /opt/miniconda3/bin/conda-env
no change     /opt/miniconda3/bin/activate
no change     /opt/miniconda3/bin/deactivate
no change     /opt/miniconda3/etc/profile.d/conda.sh
no change     /opt/miniconda3/etc/fish/conf.d/conda.fish
no change     /opt/miniconda3/shell/condabin/Conda.psm1
no change     /opt/miniconda3/shell/condabin/conda-hook.ps1
no change     /opt/miniconda3/lib/python3.11/site-packages/xontrib/conda.xsh
no change     /opt/miniconda3/etc/profile.d/conda.csh
no change     /home/diegogv/.bashrc
No action taken.
[Parallel(n_jobs=4)]: Using backend LokyBackend with 4 concurrent workers.
PARAMETERS
Embeddings: {<Embedding.ZZ: 5>}	Batch Auto: True	Sequential: False	Node: slave5	Dataset: iris	Qubits: 16	 Folds\Repeats: (8, 2)	Cores: 4
[VERBOSE] Validation successful, fitting the model...
(16, <Model.QSVM: 4>, <Embedding.ZZ: 5>, None, None, 0, 0)
(16, <Model.QSVM: 4>, <Embedding.ZZ: 5>, None, None, 0, 1)
(16, <Model.QSVM: 4>, <Embedding.ZZ: 5>, None, None, 0, 2)
(16, <Model.QSVM: 4>, <Embedding.ZZ: 5>, None, None, 0, 3)
(16, <Model.QSVM: 4>, <Embedding.ZZ: 5>, None, None, 0, 4)
(16, <Model.QSVM: 4>, <Embedding.ZZ: 5>, None, None, 0, 5)
(16, <Model.QSVM: 4>, <Embedding.ZZ: 5>, None, None, 0, 6)
(16, <Model.QSVM: 4>, <Embedding.ZZ: 5>, None, None, 0, 7)
(16, <Model.QSVM: 4>, <Embedding.ZZ: 5>, None, None, 1, 0)
(16, <Model.QSVM: 4>, <Embedding.ZZ: 5>, None, None, 1, 1)
(16, <Model.QSVM: 4>, <Embedding.ZZ: 5>, None, None, 1, 2)
(16, <Model.QSVM: 4>, <Embedding.ZZ: 5>, None, None, 1, 3)
(16, <Model.QSVM: 4>, <Embedding.ZZ: 5>, None, None, 1, 4)
(16, <Model.QSVM: 4>, <Embedding.ZZ: 5>, None, None, 1, 5)
(16, <Model.QSVM: 4>, <Embedding.ZZ: 5>, None, None, 1, 6)
(16, <Model.QSVM: 4>, <Embedding.ZZ: 5>, None, None, 1, 7)
PREPROCESSING TIME: 0.10393452644348145
[Parallel(n_jobs=4)]: Done   5 tasks      | elapsed: 29.8min
[Parallel(n_jobs=4)]: Done  11 out of  16 | elapsed: 46.6min remaining: 21.2min
[Parallel(n_jobs=4)]: Done  13 out of  16 | elapsed: 59.1min remaining: 13.6min
[Parallel(n_jobs=4)]: Done  16 out of  16 | elapsed: 62.2min finished
EXECUTING TIME: 3731.598274230957
|    |   Qubits | Model      | Embedding    | Ansatz   | Features   |   Time taken |   Accuracy |   Balanced Accuracy |   F1 Score | Custom Metric   | Predictions   |
|---:|---------:|:-----------|:-------------|:---------|:-----------|-------------:|-----------:|--------------------:|-----------:|:----------------|:--------------|
|  0 |       16 | Model.QSVM | Embedding.ZZ |          | ~          |      892.97  |        0.8 |                 0.8 |    0.80009 |                 | []            |
|  1 |       16 | Model.QSVM | Embedding.ZZ |          | ~          |      896.009 |        0.8 |                 0.8 |    0.80009 |                 | []            |
|  2 |       16 | Model.QSVM | Embedding.ZZ |          | ~          |      940.498 |        0.8 |                 0.8 |    0.80009 |                 | []            |
|  3 |       16 | Model.QSVM | Embedding.ZZ |          | ~          |      934.804 |        0.8 |                 0.8 |    0.80009 |                 | []            |
|  4 |       16 | Model.QSVM | Embedding.ZZ |          | ~          |      891.057 |        0.8 |                 0.8 |    0.80009 |                 | []            |
|  5 |       16 | Model.QSVM | Embedding.ZZ |          | ~          |      897.259 |        0.8 |                 0.8 |    0.80009 |                 | []            |
|  6 |       16 | Model.QSVM | Embedding.ZZ |          | ~          |      934.939 |        0.8 |                 0.8 |    0.80009 |                 | []            |
|  7 |       16 | Model.QSVM | Embedding.ZZ |          | ~          |      937.468 |        0.8 |                 0.8 |    0.80009 |                 | []            |
|  8 |       16 | Model.QSVM | Embedding.ZZ |          | ~          |      877.688 |        0.8 |                 0.8 |    0.80009 |                 | []            |
|  9 |       16 | Model.QSVM | Embedding.ZZ |          | ~          |      884.406 |        0.8 |                 0.8 |    0.80009 |                 | []            |
| 10 |       16 | Model.QSVM | Embedding.ZZ |          | ~          |      920.473 |        0.8 |                 0.8 |    0.80009 |                 | []            |
| 11 |       16 | Model.QSVM | Embedding.ZZ |          | ~          |      921.631 |        0.8 |                 0.8 |    0.80009 |                 | []            |
| 12 |       16 | Model.QSVM | Embedding.ZZ |          | ~          |      882.578 |        0.8 |                 0.8 |    0.80009 |                 | []            |
| 13 |       16 | Model.QSVM | Embedding.ZZ |          | ~          |      891.545 |        0.8 |                 0.8 |    0.80009 |                 | []            |
| 14 |       16 | Model.QSVM | Embedding.ZZ |          | ~          |      926.791 |        0.8 |                 0.8 |    0.80009 |                 | []            |
| 15 |       16 | Model.QSVM | Embedding.ZZ |          | ~          |      928.431 |        0.8 |                 0.8 |    0.80009 |                 | []            |
RESULTS TIME: 0.026805400848388672
TOTAL TIME: 3731.7346539497375s	 PARALLEL: True
